[2023-11-29 12:48:35] [INFO] Doraymon: initialize client WhatsApp
[2023-11-29 12:49:03] [INFO] Doraymon: WhatsApp authenticated
[2023-11-29 12:49:03] [INFO] Doraymon: WhatsApp ready
[2023-11-29 13:07:40] [ERROR] Doraymon: get CAPA reminder 
Error: Evaluation failed: TypeError: Cannot read properties of undefined (reading 'id')
    at __puppeteer_evaluation_script__:50:105
    at Array.map (<anonymous>)
    at Object.window.WWebJS.sendMessage (__puppeteer_evaluation_script__:50:65)
    at __puppeteer_evaluation_script__:10:45
[2023-11-29 13:07:57] [ERROR] Telegram Doraymon: Doraymon: [ERROR] get CAPA reminder
Error: Evaluation failed: TypeError: Cannot read properties of undefined (reading 'id')
    at __puppeteer_evaluation_script__:50:105
    at Array.map (<anonymous>)
    at Object.window.WWebJS.sendMessage (__puppeteer_evaluation_script__:50:65)
    at __puppeteer_evaluation_script__:10:45 exceeded maximum retries
[2023-11-29 13:24:19] [ERROR] Doraymon: get CAPA reminder 
Error: Evaluation failed: TypeError: Cannot read properties of undefined (reading 'id')
    at __puppeteer_evaluation_script__:50:105
    at Array.map (<anonymous>)
    at Object.window.WWebJS.sendMessage (__puppeteer_evaluation_script__:50:65)
    at __puppeteer_evaluation_script__:10:45
[2023-11-29 13:24:36] [ERROR] Telegram Doraymon: Doraymon: [ERROR] get CAPA reminder
Error: Evaluation failed: TypeError: Cannot read properties of undefined (reading 'id')
    at __puppeteer_evaluation_script__:50:105
    at Array.map (<anonymous>)
    at Object.window.WWebJS.sendMessage (__puppeteer_evaluation_script__:50:65)
    at __puppeteer_evaluation_script__:10:45 exceeded maximum retries
[2023-11-29 13:31:17] [INFO] Doraymon: initialize client WhatsApp
[2023-11-29 13:31:38] [INFO] Doraymon: WhatsApp authenticated
[2023-11-29 13:31:39] [INFO] Doraymon: WhatsApp ready
[2023-11-29 13:49:24] [INFO] Doraymon: initialize client WhatsApp
[2023-11-29 13:49:46] [INFO] Doraymon: WhatsApp authenticated
[2023-11-29 13:49:47] [INFO] Doraymon: WhatsApp ready
[2023-11-29 13:49:54] [WARNING] Doraymon: WhatsApp disconnected
[2023-11-29 14:25:08] [INFO] Doraymon: initialize client WhatsApp
[2023-11-29 14:25:30] [INFO] Doraymon: WhatsApp authenticated
[2023-11-29 14:25:30] [INFO] Doraymon: WhatsApp ready
[2023-11-30 07:12:37] [ERROR] Doraymon: get CAPA reminder 
ReferenceError: phones is not defined
[2023-11-30 07:18:21] [ERROR] Doraymon: get CAPA reminder 
TypeError: Cannot read property 'evaluate' of null
[2023-11-30 07:18:34] [INFO] Doraymon: initialize client WhatsApp
[2023-11-30 07:19:04] [INFO] Doraymon: WhatsApp authenticated
[2023-11-30 07:19:04] [INFO] Doraymon: WhatsApp ready
[2023-11-30 07:42:21] [ERROR] Doraymon: get CAPA reminder 
TypeError: Cannot read property 'evaluate' of null
[2023-11-30 07:42:40] [INFO] Doraymon: initialize client WhatsApp
[2023-11-30 07:43:06] [INFO] Doraymon: WhatsApp authenticated
[2023-11-30 07:43:06] [INFO] Doraymon: WhatsApp ready
[2023-11-30 13:05:38] [WARNING] Doraymon: WhatsApp disconnected
